<?xml version="1.0" encoding="UTF-8"?>
<!-- Generated by org.testng.reporters.JUnitReportReporter -->
<testsuite hostname="LAPTOP-BIT4U18U" failures="0" tests="2" name="pom.demo.tests.SampleTest" time="0.017" errors="0" timestamp="2025-01-26T19:16:21 IST" skipped="0">
  <testcase classname="pom.demo.tests.SampleTest" name="testTwo" time="0.002"/>
  <testcase classname="pom.demo.tests.SampleTest" name="testOne" time="0.015"/>
</testsuite> <!-- pom.demo.tests.SampleTest -->
