<?xml version="1.0" encoding="UTF-8"?>
<!-- Generated by org.testng.reporters.JUnitReportReporter -->
<testsuite hostname="LAPTOP-BIT4U18U" failures="0" tests="1" name="pom.demo.tests.LoginTestFail3" time="3.928" errors="0" timestamp="2025-01-26T20:01:12 IST" skipped="0">
  <testcase classname="pom.demo.tests.LoginTestFail3" name="loginTestIncorrectCredentials" time="3.928"/>
</testsuite> <!-- pom.demo.tests.LoginTestFail3 -->
