<?xml version="1.0" encoding="UTF-8"?>
<!-- Generated by org.testng.reporters.JUnitReportReporter -->
<testsuite hostname="LAPTOP-BIT4U18U" failures="0" tests="2" name="pom.demo.tests.LoginTest" time="7.311" errors="0" timestamp="2025-02-08T20:26:43 IST" skipped="0">
  <testcase classname="pom.demo.tests.LoginTest" name="loginTest" time="4.688"/>
  <testcase classname="pom.demo.tests.LoginTest" name="login" time="2.623"/>
</testsuite> <!-- pom.demo.tests.LoginTest -->
