<?xml version="1.0" encoding="UTF-8"?>
<!-- Generated by org.testng.reporters.JUnitReportReporter -->
<testsuite hostname="LAPTOP-BIT4U18U" failures="0" tests="1" name="pom.demo.tests.LoginTestFail" time="3.834" errors="0" timestamp="2025-01-26T20:37:41 IST" skipped="0">
  <testcase classname="pom.demo.tests.LoginTestFail" name="loginTestIncorrectCredentials" time="3.834"/>
</testsuite> <!-- pom.demo.tests.LoginTestFail -->
