<?xml version="1.0" encoding="UTF-8"?>
<!-- Generated by org.testng.reporters.JUnitReportReporter -->
<testsuite hostname="LAPTOP-BIT4U18U" failures="0" tests="4" name="pom.demo.tests.ClassLevelTest" time="0.028" errors="0" timestamp="2025-01-26T20:15:00 IST" skipped="0">
  <testcase classname="pom.demo.tests.ClassLevelTest" name="testTwo" time="0.006"/>
  <testcase classname="pom.demo.tests.ClassLevelTest" name="testFour" time="0.016"/>
  <testcase classname="pom.demo.tests.ClassLevelTest" name="testOne" time="0.004"/>
  <testcase classname="pom.demo.tests.ClassLevelTest" name="testThree" time="0.002"/>
</testsuite> <!-- pom.demo.tests.ClassLevelTest -->
