<?xml version="1.0" encoding="UTF-8"?>
<!-- Generated by org.testng.reporters.JUnitReportReporter -->
<testsuite hostname="LAPTOP-BIT4U18U" failures="0" tests="1" name="pom.demo.traditional.Logout" time="7.346" errors="0" timestamp="2025-01-25T19:12:40 IST" skipped="0">
  <testcase classname="pom.demo.traditional.Logout" name="logoutTest" time="7.346"/>
</testsuite> <!-- pom.demo.traditional.Logout -->
