<?xml version="1.0" encoding="UTF-8"?>
<!-- Generated by org.testng.reporters.JUnitReportReporter -->
<testsuite hostname="LAPTOP-BIT4U18U" failures="0" tests="2" name="pom.demo.tests.SampleTestDependecy" time="0.017" errors="0" timestamp="2025-01-26T20:09:38 IST" skipped="0">
  <testcase classname="pom.demo.tests.SampleTestDependecy" name="mainTest" time="0.005"/>
  <testcase classname="pom.demo.tests.SampleTestDependecy" name="dependentTest" time="0.012"/>
</testsuite> <!-- pom.demo.tests.SampleTestDependecy -->
