<?xml version="1.0" encoding="UTF-8"?>
<!-- Generated by org.testng.reporters.JUnitReportReporter -->
<testsuite hostname="LAPTOP-BIT4U18U" failures="0" tests="1" name="pom.demo.traditional.Login" time="6.227" errors="0" timestamp="2025-01-25T19:07:12 IST" skipped="0">
  <testcase classname="pom.demo.traditional.Login" name="test" time="6.227"/>
</testsuite> <!-- pom.demo.traditional.Login -->
