<?xml version="1.0" encoding="UTF-8"?>
<!-- Generated by org.testng.reporters.JUnitReportReporter -->
<testsuite hostname="LAPTOP-BIT4U18U" failures="0" tests="1" name="pom.demo.tests.DisappearingElementTest" time="13.469" errors="0" timestamp="2025-01-26T19:50:25 IST" skipped="0">
  <testcase classname="pom.demo.tests.DisappearingElementTest" name="testDisappearingGallery" time="13.469"/>
</testsuite> <!-- pom.demo.tests.DisappearingElementTest -->
