<?xml version="1.0" encoding="UTF-8"?>
<!-- Generated by org.testng.reporters.JUnitReportReporter -->
<testsuite hostname="LAPTOP-BIT4U18U" failures="0" tests="2" name="com.myfirstproject.FirstSelenium" time="6.320" errors="0" timestamp="2025-01-18T18:31:57 IST" skipped="0">
  <testcase classname="com.myfirstproject.FirstSelenium" name="googleSearch" time="4.146"/>
  <testcase classname="com.myfirstproject.FirstSelenium" name="techcanvass" time="2.174"/>
</testsuite> <!-- com.myfirstproject.FirstSelenium -->
